This is pdfTeX, Version 3.14159265-2.6-1.40.21 (TeX Live 2020/W32TeX) (preloaded format=pdflatex 2020.12.6)  16 SEP 2021 18:49
entering extended mode
 restricted \write18 enabled.
 %&-line parsing enabled.
**cluster_neural_population.tex
(./cluster_neural_population.tex
LaTeX2e <2020-10-01> patch level 2
L3 programming layer <2020-12-03> xparse <2020-03-03>
(e:/software/texlive/2020/texmf-dist/tex/latex/base/article.cls
Document Class: article 2020/04/10 v1.4m Standard LaTeX document class
(e:/software/texlive/2020/texmf-dist/tex/latex/base/size10.clo
File: size10.clo 2020/04/10 v1.4m Standard LaTeX file (size option)
)
\c@part=\count177
\c@section=\count178
\c@subsection=\count179
\c@subsubsection=\count180
\c@paragraph=\count181
\c@subparagraph=\count182
\c@figure=\count183
\c@table=\count184
\abovecaptionskip=\skip47
\belowcaptionskip=\skip48
\bibindent=\dimen138
)
(e:/software/texlive/2020/texmf-dist/tex/latex/amsmath/amsmath.sty
Package: amsmath 2020/09/23 v2.17i AMS math features
\@mathmargin=\skip49

For additional information on amsmath, use the `?' option.
(e:/software/texlive/2020/texmf-dist/tex/latex/amsmath/amstext.sty
Package: amstext 2000/06/29 v2.01 AMS text

(e:/software/texlive/2020/texmf-dist/tex/latex/amsmath/amsgen.sty
File: amsgen.sty 1999/11/30 v2.0 generic functions
\@emptytoks=\toks15
\ex@=\dimen139
))
(e:/software/texlive/2020/texmf-dist/tex/latex/amsmath/amsbsy.sty
Package: amsbsy 1999/11/29 v1.2d Bold Symbols
\pmbraise@=\dimen140
)
(e:/software/texlive/2020/texmf-dist/tex/latex/amsmath/amsopn.sty
Package: amsopn 2016/03/08 v2.02 operator names
)
\inf@bad=\count185
LaTeX Info: Redefining \frac on input line 234.
\uproot@=\count186
\leftroot@=\count187
LaTeX Info: Redefining \overline on input line 399.
\classnum@=\count188
\DOTSCASE@=\count189
LaTeX Info: Redefining \ldots on input line 496.
LaTeX Info: Redefining \dots on input line 499.
LaTeX Info: Redefining \cdots on input line 620.
\Mathstrutbox@=\box47
\strutbox@=\box48
\big@size=\dimen141
LaTeX Font Info:    Redeclaring font encoding OML on input line 743.
LaTeX Font Info:    Redeclaring font encoding OMS on input line 744.
\macc@depth=\count190
\c@MaxMatrixCols=\count191
\dotsspace@=\muskip16
\c@parentequation=\count192
\dspbrk@lvl=\count193
\tag@help=\toks16
\row@=\count194
\column@=\count195
\maxfields@=\count196
\andhelp@=\toks17
\eqnshift@=\dimen142
\alignsep@=\dimen143
\tagshift@=\dimen144
\tagwidth@=\dimen145
\totwidth@=\dimen146
\lineht@=\dimen147
\@envbody=\toks18
\multlinegap=\skip50
\multlinetaggap=\skip51
\mathdisplay@stack=\toks19
LaTeX Info: Redefining \[ on input line 2923.
LaTeX Info: Redefining \] on input line 2924.
)
(e:/software/texlive/2020/texmf-dist/tex/latex/amsfonts/amssymb.sty
Package: amssymb 2013/01/14 v3.01 AMS font symbols

(e:/software/texlive/2020/texmf-dist/tex/latex/amsfonts/amsfonts.sty
Package: amsfonts 2013/01/14 v3.01 Basic AMSFonts support
\symAMSa=\mathgroup4
\symAMSb=\mathgroup5
LaTeX Font Info:    Redeclaring math symbol \hbar on input line 98.
LaTeX Font Info:    Overwriting math alphabet `\mathfrak' in version `bold'
(Font)                  U/euf/m/n --> U/euf/b/n on input line 106.
))
(e:/software/texlive/2020/texmf-dist/tex/latex/tools/bm.sty
Package: bm 2019/07/24 v1.2d Bold Symbol Support (DPC/FMi)
\symboldoperators=\mathgroup6
\symboldletters=\mathgroup7
\symboldsymbols=\mathgroup8
LaTeX Font Info:    Redeclaring math alphabet \mathbf on input line 141.
LaTeX Info: Redefining \bm on input line 209.
)
(e:/software/texlive/2020/texmf-dist/tex/latex/lm/lmodern.sty
Package: lmodern 2009/10/30 v1.6 Latin Modern Fonts
LaTeX Font Info:    Overwriting symbol font `operators' in version `normal'
(Font)                  OT1/cmr/m/n --> OT1/lmr/m/n on input line 22.
LaTeX Font Info:    Overwriting symbol font `letters' in version `normal'
(Font)                  OML/cmm/m/it --> OML/lmm/m/it on input line 23.
LaTeX Font Info:    Overwriting symbol font `symbols' in version `normal'
(Font)                  OMS/cmsy/m/n --> OMS/lmsy/m/n on input line 24.
LaTeX Font Info:    Overwriting symbol font `largesymbols' in version `normal'
(Font)                  OMX/cmex/m/n --> OMX/lmex/m/n on input line 25.
LaTeX Font Info:    Overwriting symbol font `operators' in version `bold'
(Font)                  OT1/cmr/bx/n --> OT1/lmr/bx/n on input line 26.
LaTeX Font Info:    Overwriting symbol font `letters' in version `bold'
(Font)                  OML/cmm/b/it --> OML/lmm/b/it on input line 27.
LaTeX Font Info:    Overwriting symbol font `symbols' in version `bold'
(Font)                  OMS/cmsy/b/n --> OMS/lmsy/b/n on input line 28.
LaTeX Font Info:    Overwriting symbol font `largesymbols' in version `bold'
(Font)                  OMX/cmex/m/n --> OMX/lmex/m/n on input line 29.
LaTeX Font Info:    Overwriting math alphabet `\mathbf' in version `normal'
(Font)                  OT1/cmr/bx/n --> OT1/lmr/bx/n on input line 31.
LaTeX Font Info:    Overwriting math alphabet `\mathsf' in version `normal'
(Font)                  OT1/cmss/m/n --> OT1/lmss/m/n on input line 32.
LaTeX Font Info:    Overwriting math alphabet `\mathit' in version `normal'
(Font)                  OT1/cmr/m/it --> OT1/lmr/m/it on input line 33.
LaTeX Font Info:    Overwriting math alphabet `\mathtt' in version `normal'
(Font)                  OT1/cmtt/m/n --> OT1/lmtt/m/n on input line 34.
LaTeX Font Info:    Overwriting math alphabet `\mathbf' in version `bold'
(Font)                  OT1/cmr/bx/n --> OT1/lmr/bx/n on input line 35.
LaTeX Font Info:    Overwriting math alphabet `\mathsf' in version `bold'
(Font)                  OT1/cmss/bx/n --> OT1/lmss/bx/n on input line 36.
LaTeX Font Info:    Overwriting math alphabet `\mathit' in version `bold'
(Font)                  OT1/cmr/bx/it --> OT1/lmr/bx/it on input line 37.
LaTeX Font Info:    Overwriting math alphabet `\mathtt' in version `bold'
(Font)                  OT1/cmtt/m/n --> OT1/lmtt/m/n on input line 38.
)
(e:/software/texlive/2020/texmf-dist/tex/latex/xcolor/xcolor.sty
Package: xcolor 2016/05/11 v2.12 LaTeX color extensions (UK)

(e:/software/texlive/2020/texmf-dist/tex/latex/graphics-cfg/color.cfg
File: color.cfg 2016/01/02 v1.6 sample color configuration
)
Package xcolor Info: Driver file: pdftex.def on input line 225.

(e:/software/texlive/2020/texmf-dist/tex/latex/graphics-def/pdftex.def
File: pdftex.def 2020/10/05 v1.2a Graphics/color driver for pdftex
)
Package xcolor Info: Model `cmy' substituted by `cmy0' on input line 1348.
Package xcolor Info: Model `hsb' substituted by `rgb' on input line 1352.
Package xcolor Info: Model `RGB' extended on input line 1364.
Package xcolor Info: Model `HTML' substituted by `rgb' on input line 1366.
Package xcolor Info: Model `Hsb' substituted by `hsb' on input line 1367.
Package xcolor Info: Model `tHsb' substituted by `hsb' on input line 1368.
Package xcolor Info: Model `HSB' substituted by `hsb' on input line 1369.
Package xcolor Info: Model `Gray' substituted by `gray' on input line 1370.
Package xcolor Info: Model `wave' substituted by `hsb' on input line 1371.
)
(e:/software/texlive/2020/texmf-dist/tex/latex/hyperref/hyperref.sty
Package: hyperref 2020-05-15 v7.00e Hypertext links for LaTeX

(e:/software/texlive/2020/texmf-dist/tex/generic/ltxcmds/ltxcmds.sty
Package: ltxcmds 2020-05-10 v1.25 LaTeX kernel commands for general use (HO)
)
(e:/software/texlive/2020/texmf-dist/tex/generic/iftex/iftex.sty
Package: iftex 2020/03/06 v1.0d TeX engine tests
)
(e:/software/texlive/2020/texmf-dist/tex/generic/pdftexcmds/pdftexcmds.sty
Package: pdftexcmds 2020-06-27 v0.33 Utility functions of pdfTeX for LuaTeX (HO
)

(e:/software/texlive/2020/texmf-dist/tex/generic/infwarerr/infwarerr.sty
Package: infwarerr 2019/12/03 v1.5 Providing info/warning/error messages (HO)
)
Package pdftexcmds Info: \pdf@primitive is available.
Package pdftexcmds Info: \pdf@ifprimitive is available.
Package pdftexcmds Info: \pdfdraftmode found.
)
(e:/software/texlive/2020/texmf-dist/tex/latex/graphics/keyval.sty
Package: keyval 2014/10/28 v1.15 key=value parser (DPC)
\KV@toks@=\toks20
)
(e:/software/texlive/2020/texmf-dist/tex/generic/kvsetkeys/kvsetkeys.sty
Package: kvsetkeys 2019/12/15 v1.18 Key value parser (HO)
)
(e:/software/texlive/2020/texmf-dist/tex/generic/kvdefinekeys/kvdefinekeys.sty
Package: kvdefinekeys 2019-12-19 v1.6 Define keys (HO)
) (e:/software/texlive/2020/texmf-dist/tex/generic/pdfescape/pdfescape.sty
Package: pdfescape 2019/12/09 v1.15 Implements pdfTeX's escape features (HO)
)
(e:/software/texlive/2020/texmf-dist/tex/latex/hycolor/hycolor.sty
Package: hycolor 2020-01-27 v1.10 Color options for hyperref/bookmark (HO)
)
(e:/software/texlive/2020/texmf-dist/tex/latex/letltxmacro/letltxmacro.sty
Package: letltxmacro 2019/12/03 v1.6 Let assignment for LaTeX macros (HO)
)
(e:/software/texlive/2020/texmf-dist/tex/latex/auxhook/auxhook.sty
Package: auxhook 2019-12-17 v1.6 Hooks for auxiliary files (HO)
)
(e:/software/texlive/2020/texmf-dist/tex/latex/kvoptions/kvoptions.sty
Package: kvoptions 2020-10-07 v3.14 Key value format for package options (HO)
)
\@linkdim=\dimen148
\Hy@linkcounter=\count197
\Hy@pagecounter=\count198

(e:/software/texlive/2020/texmf-dist/tex/latex/hyperref/pd1enc.def
File: pd1enc.def 2020-05-15 v7.00e Hyperref: PDFDocEncoding definition (HO)
Now handling font encoding PD1 ...
... no UTF-8 mapping file for font encoding PD1
)
(e:/software/texlive/2020/texmf-dist/tex/generic/intcalc/intcalc.sty
Package: intcalc 2019/12/15 v1.3 Expandable calculations with integers (HO)
)
(e:/software/texlive/2020/texmf-dist/tex/generic/etexcmds/etexcmds.sty
Package: etexcmds 2019/12/15 v1.7 Avoid name clashes with e-TeX commands (HO)
)
\Hy@SavedSpaceFactor=\count199
Package hyperref Info: Hyper figures OFF on input line 4464.
Package hyperref Info: Link nesting OFF on input line 4469.
Package hyperref Info: Hyper index ON on input line 4472.
Package hyperref Info: Plain pages OFF on input line 4479.
Package hyperref Info: Backreferencing OFF on input line 4484.
Package hyperref Info: Implicit mode ON; LaTeX internals redefined.
Package hyperref Info: Bookmarks ON on input line 4717.
\c@Hy@tempcnt=\count266

(e:/software/texlive/2020/texmf-dist/tex/latex/url/url.sty
\Urlmuskip=\muskip17
Package: url 2013/09/16  ver 3.4  Verb mode for urls, etc.
)
LaTeX Info: Redefining \url on input line 5076.
\XeTeXLinkMargin=\dimen149

(e:/software/texlive/2020/texmf-dist/tex/generic/bitset/bitset.sty
Package: bitset 2019/12/09 v1.3 Handle bit-vector datatype (HO)

(e:/software/texlive/2020/texmf-dist/tex/generic/bigintcalc/bigintcalc.sty
Package: bigintcalc 2019/12/15 v1.5 Expandable calculations on big integers (HO
)
))
\Fld@menulength=\count267
\Field@Width=\dimen150
\Fld@charsize=\dimen151
Package hyperref Info: Hyper figures OFF on input line 6347.
Package hyperref Info: Link nesting OFF on input line 6352.
Package hyperref Info: Hyper index ON on input line 6355.
Package hyperref Info: backreferencing OFF on input line 6362.
Package hyperref Info: Link coloring OFF on input line 6367.
Package hyperref Info: Link coloring with OCG OFF on input line 6372.
Package hyperref Info: PDF/A mode OFF on input line 6377.
LaTeX Info: Redefining \ref on input line 6417.
LaTeX Info: Redefining \pageref on input line 6421.

(e:/software/texlive/2020/texmf-dist/tex/latex/base/atbegshi-ltx.sty
Package: atbegshi-ltx 2020/08/17 v1.0a Emulation of the original atbegshi packa
ge
with kernel methods
)
\Hy@abspage=\count268
\c@Item=\count269
\c@Hfootnote=\count270
)
Package hyperref Info: Driver (autodetected): hpdftex.

(e:/software/texlive/2020/texmf-dist/tex/latex/hyperref/hpdftex.def
File: hpdftex.def 2020-05-15 v7.00e Hyperref driver for pdfTeX

(e:/software/texlive/2020/texmf-dist/tex/latex/base/atveryend-ltx.sty
Package: atveryend-ltx 2020/08/19 v1.0a Emulation of the original atvery packag
e
with kernel methods
)
\Fld@listcount=\count271
\c@bookmark@seq@number=\count272

(e:/software/texlive/2020/texmf-dist/tex/latex/rerunfilecheck/rerunfilecheck.st
y
Package: rerunfilecheck 2019/12/05 v1.9 Rerun checks for auxiliary files (HO)

(e:/software/texlive/2020/texmf-dist/tex/generic/uniquecounter/uniquecounter.st
y
Package: uniquecounter 2019/12/15 v1.4 Provide unlimited unique counter (HO)
)
Package uniquecounter Info: New unique counter `rerunfilecheck' on input line 2
86.
)
\Hy@SectionHShift=\skip52
) (e:/software/texlive/2020/texmf-dist/tex/latex/parskip/parskip.sty
Package: parskip 2020-06-15 v2.0f non-zero parskip adjustments

(e:/software/texlive/2020/texmf-dist/tex/latex/etoolbox/etoolbox.sty
Package: etoolbox 2020/10/05 v2.5k e-TeX tools for LaTeX (JAW)
\etb@tempcnta=\count273
))
(e:/software/texlive/2020/texmf-dist/tex/latex/graphics/graphicx.sty
Package: graphicx 2020/09/09 v1.2b Enhanced LaTeX Graphics (DPC,SPQR)

(e:/software/texlive/2020/texmf-dist/tex/latex/graphics/graphics.sty
Package: graphics 2020/08/30 v1.4c Standard LaTeX Graphics (DPC,SPQR)

(e:/software/texlive/2020/texmf-dist/tex/latex/graphics/trig.sty
Package: trig 2016/01/03 v1.10 sin cos tan (DPC)
)
(e:/software/texlive/2020/texmf-dist/tex/latex/graphics-cfg/graphics.cfg
File: graphics.cfg 2016/06/04 v1.11 sample graphics configuration
)
Package graphics Info: Driver file: pdftex.def on input line 105.
)
\Gin@req@height=\dimen152
\Gin@req@width=\dimen153
)
(e:/software/texlive/2020/texmf-dist/tex/latex/subfigure/subfigure.sty
Package: subfigure 2002/03/15 v2.1.5 subfigure package
\subfigtopskip=\skip53
\subfigcapskip=\skip54
\subfigcaptopadj=\dimen154
\subfigbottomskip=\skip55
\subfigcapmargin=\dimen155
\subfiglabelskip=\skip56
\c@subfigure=\count274
\c@lofdepth=\count275
\c@subtable=\count276
\c@lotdepth=\count277

****************************************
* Local config file subfigure.cfg used *
****************************************
(e:/software/texlive/2020/texmf-dist/tex/latex/subfigure/subfigure.cfg)
\subfig@top=\skip57
\subfig@bottom=\skip58
)
LaTeX Font Info:    Trying to load font information for OT1+lmr on input line 1
7.

(e:/software/texlive/2020/texmf-dist/tex/latex/lm/ot1lmr.fd
File: ot1lmr.fd 2009/10/30 v1.6 Font defs for Latin Modern
)
(e:/software/texlive/2020/texmf-dist/tex/latex/l3backend/l3backend-pdftex.def
File: l3backend-pdftex.def 2020-09-24 L3 backend support: PDF output (pdfTeX)
\l__kernel_color_stack_int=\count278
\l__pdf_internal_box=\box49
)
(./cluster_neural_population.aux

LaTeX Warning: Label `fig:a' multiply defined.


LaTeX Warning: Label `sub@fig:a' multiply defined.


LaTeX Warning: Label `fig:b' multiply defined.


LaTeX Warning: Label `sub@fig:b' multiply defined.


LaTeX Warning: Label `fig:c' multiply defined.


LaTeX Warning: Label `sub@fig:c' multiply defined.


LaTeX Warning: Label `fig:a' multiply defined.


LaTeX Warning: Label `sub@fig:a' multiply defined.


LaTeX Warning: Label `fig:c' multiply defined.


LaTeX Warning: Label `sub@fig:c' multiply defined.


LaTeX Warning: Label `fig:a' multiply defined.


LaTeX Warning: Label `sub@fig:a' multiply defined.


LaTeX Warning: Label `fig:b' multiply defined.


LaTeX Warning: Label `sub@fig:b' multiply defined.


LaTeX Warning: Label `fig:c' multiply defined.


LaTeX Warning: Label `sub@fig:c' multiply defined.


LaTeX Warning: Label `fig:a' multiply defined.


LaTeX Warning: Label `sub@fig:a' multiply defined.


LaTeX Warning: Label `fig:c' multiply defined.


LaTeX Warning: Label `sub@fig:c' multiply defined.


LaTeX Warning: Label `fig:a' multiply defined.


LaTeX Warning: Label `sub@fig:a' multiply defined.


LaTeX Warning: Label `fig:b' multiply defined.


LaTeX Warning: Label `sub@fig:b' multiply defined.


LaTeX Warning: Label `fig:c' multiply defined.


LaTeX Warning: Label `sub@fig:c' multiply defined.


LaTeX Warning: Label `fig:a' multiply defined.


LaTeX Warning: Label `sub@fig:a' multiply defined.


LaTeX Warning: Label `fig:c' multiply defined.


LaTeX Warning: Label `sub@fig:c' multiply defined.


LaTeX Warning: Label `fig:a' multiply defined.


LaTeX Warning: Label `sub@fig:a' multiply defined.


LaTeX Warning: Label `fig:b' multiply defined.


LaTeX Warning: Label `sub@fig:b' multiply defined.


LaTeX Warning: Label `fig:c' multiply defined.


LaTeX Warning: Label `sub@fig:c' multiply defined.


LaTeX Warning: Label `fig:a' multiply defined.


LaTeX Warning: Label `sub@fig:a' multiply defined.


LaTeX Warning: Label `fig:c' multiply defined.


LaTeX Warning: Label `sub@fig:c' multiply defined.


LaTeX Warning: Label `fig:a' multiply defined.


LaTeX Warning: Label `sub@fig:a' multiply defined.


LaTeX Warning: Label `fig:b' multiply defined.


LaTeX Warning: Label `sub@fig:b' multiply defined.


LaTeX Warning: Label `fig:c' multiply defined.


LaTeX Warning: Label `sub@fig:c' multiply defined.

)
\openout1 = `cluster_neural_population.aux'.

LaTeX Font Info:    Checking defaults for OML/cmm/m/it on input line 17.
LaTeX Font Info:    ... okay on input line 17.
LaTeX Font Info:    Checking defaults for OMS/cmsy/m/n on input line 17.
LaTeX Font Info:    ... okay on input line 17.
LaTeX Font Info:    Checking defaults for OT1/cmr/m/n on input line 17.
LaTeX Font Info:    ... okay on input line 17.
LaTeX Font Info:    Checking defaults for T1/cmr/m/n on input line 17.
LaTeX Font Info:    ... okay on input line 17.
LaTeX Font Info:    Checking defaults for TS1/cmr/m/n on input line 17.
LaTeX Font Info:    ... okay on input line 17.
LaTeX Font Info:    Checking defaults for OMX/cmex/m/n on input line 17.
LaTeX Font Info:    ... okay on input line 17.
LaTeX Font Info:    Checking defaults for U/cmr/m/n on input line 17.
LaTeX Font Info:    ... okay on input line 17.
LaTeX Font Info:    Checking defaults for PD1/pdf/m/n on input line 17.
LaTeX Font Info:    ... okay on input line 17.
 (e:/software/texlive/2020/texmf-dist/tex/context/base/mkii/supp-pdf.mkii
[Loading MPS to PDF converter (version 2006.09.02).]
\scratchcounter=\count279
\scratchdimen=\dimen156
\scratchbox=\box50
\nofMPsegments=\count280
\nofMParguments=\count281
\everyMPshowfont=\toks21
\MPscratchCnt=\count282
\MPscratchDim=\dimen157
\MPnumerator=\count283
\makeMPintoPDFobject=\count284
\everyMPtoPDFconversion=\toks22
) (e:/software/texlive/2020/texmf-dist/tex/latex/epstopdf-pkg/epstopdf-base.sty
Package: epstopdf-base 2020-01-24 v2.11 Base part for package epstopdf
Package epstopdf-base Info: Redefining graphics rule for `.eps' on input line 4
85.
(e:/software/texlive/2020/texmf-dist/tex/latex/latexconfig/epstopdf-sys.cfg
File: epstopdf-sys.cfg 2010/07/13 v1.3 Configuration of (r)epstopdf for TeX Liv
e
))
Package hyperref Info: Link coloring OFF on input line 17.

(e:/software/texlive/2020/texmf-dist/tex/latex/hyperref/nameref.sty
Package: nameref 2019/09/16 v2.46 Cross-referencing by name of section

(e:/software/texlive/2020/texmf-dist/tex/latex/refcount/refcount.sty
Package: refcount 2019/12/15 v3.6 Data extraction from label references (HO)
)
(e:/software/texlive/2020/texmf-dist/tex/generic/gettitlestring/gettitlestring.
sty
Package: gettitlestring 2019/12/15 v1.6 Cleanup title references (HO)
)
\c@section@level=\count285
)
LaTeX Info: Redefining \ref on input line 17.
LaTeX Info: Redefining \pageref on input line 17.
LaTeX Info: Redefining \nameref on input line 17.
 (./cluster_neural_population.out) (./cluster_neural_population.out)
\@outlinefile=\write3
\openout3 = `cluster_neural_population.out'.

LaTeX Font Info:    Trying to load font information for OML+lmm on input line 1
9.

(e:/software/texlive/2020/texmf-dist/tex/latex/lm/omllmm.fd
File: omllmm.fd 2009/10/30 v1.6 Font defs for Latin Modern
)
LaTeX Font Info:    Trying to load font information for OMS+lmsy on input line 
19.

(e:/software/texlive/2020/texmf-dist/tex/latex/lm/omslmsy.fd
File: omslmsy.fd 2009/10/30 v1.6 Font defs for Latin Modern
)
LaTeX Font Info:    Trying to load font information for OMX+lmex on input line 
19.

(e:/software/texlive/2020/texmf-dist/tex/latex/lm/omxlmex.fd
File: omxlmex.fd 2009/10/30 v1.6 Font defs for Latin Modern
)
LaTeX Font Info:    External font `lmex10' loaded for size
(Font)              <12> on input line 19.
LaTeX Font Info:    External font `lmex10' loaded for size
(Font)              <8> on input line 19.
LaTeX Font Info:    External font `lmex10' loaded for size
(Font)              <6> on input line 19.
LaTeX Font Info:    Trying to load font information for U+msa on input line 19.


(e:/software/texlive/2020/texmf-dist/tex/latex/amsfonts/umsa.fd
File: umsa.fd 2013/01/14 v3.01 AMS symbols A
)
LaTeX Font Info:    Trying to load font information for U+msb on input line 19.


(e:/software/texlive/2020/texmf-dist/tex/latex/amsfonts/umsb.fd
File: umsb.fd 2013/01/14 v3.01 AMS symbols B
)
LaTeX Font Info:    External font `lmex10' loaded for size
(Font)              <10> on input line 24.
LaTeX Font Info:    External font `lmex10' loaded for size
(Font)              <7> on input line 24.
LaTeX Font Info:    External font `lmex10' loaded for size
(Font)              <5> on input line 24.
 [1

{e:/software/texlive/2020/texmf-var/fonts/map/pdftex/updmap/pdftex.map}] [2] [3
]
Overfull \hbox (28.2306pt too wide) in paragraph at lines 149--155
\OT1/lmr/m/n/10 Denote the $\OML/lmm/m/it/10 j[]$ \OT1/lmr/m/n/10 row block of 
$\OT1/lmr/bx/n/10 A$ \OT1/lmr/m/n/10 as $\OT1/lmr/bx/n/10 A[] \OT1/lmr/m/n/10 =
 []$. Then, $[][] \OT1/lmr/bx/n/10 A[]x[] \OT1/lmr/m/n/10 +
 []

[4]
Overfull \hbox (100.92519pt too wide) detected at line 227
\OML/lmm/m/it/10 f\OT1/lmr/m/n/10 (\OT1/lmr/bx/n/10 y\OML/lmm/m/it/10 ; [][] \O
MS/lmsy/m/n/10 j\OT1/lmr/bx/n/10 ^^B[]\OT1/lmr/m/n/10 ) = [] [] [] = [] [] [] \
OMS/lmsy/m/n/10 ^^A \OML/lmm/m/it/10 N\OT1/lmr/m/n/10 (\OT1/lmr/bx/n/10 x[]\OMS
/lmsy/m/n/10 j\OT1/lmr/bx/n/10 A[]x[] \OT1/lmr/m/n/10 + \OT1/lmr/bx/n/10 b[]\OM
L/lmm/m/it/10 ; \OT1/lmr/bx/n/10 Q[]\OT1/lmr/m/n/10 )
 []

[5]

Package hyperref Warning: Token not allowed in a PDF string (PDFDocEncoding):
(hyperref)                removing `math shift' on input line 306.


Package hyperref Warning: Token not allowed in a PDF string (PDFDocEncoding):
(hyperref)                removing `\left' on input line 306.


Package hyperref Warning: Token not allowed in a PDF string (PDFDocEncoding):
(hyperref)                removing `subscript' on input line 306.


Package hyperref Warning: Token not allowed in a PDF string (PDFDocEncoding):
(hyperref)                removing `\right' on input line 306.


Package hyperref Warning: Token not allowed in a PDF string (PDFDocEncoding):
(hyperref)                removing `subscript' on input line 306.


Package hyperref Warning: Token not allowed in a PDF string (PDFDocEncoding):
(hyperref)                removing `superscript' on input line 306.


Overfull \hbox (83.72377pt too wide) in paragraph at lines 309--316
\OT1/lmr/m/n/10 such that $[] [] = \OT1/lmr/bx/n/10 d \OT1/lmr/m/n/10 + \OT1/lm
r/bx/n/10 Cx[]$\OT1/lmr/m/n/10 . Let $\OT1/lmr/bx/n/10 x \OT1/lmr/m/n/10 = [][]
$and $\OML/lmm/m/it/10 f [] \OT1/lmr/m/n/10 = [] []$
 []


Overfull \hbox (88.60704pt too wide) detected at line 325
[]
 []

[6]
Overfull \hbox (13.27101pt too wide) in paragraph at lines 341--346
[]\OT1/lmr/m/n/10 Use Newton-Raphson to find $\OML/cmm/b/it/10 ^^V[] \OT1/lmr/m
/n/10 = [][] []$ and $\OT1/lmr/bx/n/10 ^^F[] \OT1/lmr/m/n/10 = \OMS/lmsy/m/n/10
 ^^@ [][]$\OT1/lmr/m/n/10 ,
 []

[7]

Package hyperref Warning: Token not allowed in a PDF string (PDFDocEncoding):
(hyperref)                removing `math shift' on input line 360.


Package hyperref Warning: Token not allowed in a PDF string (PDFDocEncoding):
(hyperref)                removing `subscript' on input line 360.


Package hyperref Warning: Token not allowed in a PDF string (PDFDocEncoding):
(hyperref)                removing `math shift' on input line 369.


Package hyperref Warning: Token not allowed in a PDF string (PDFDocEncoding):
(hyperref)                removing `\left' on input line 369.


Package hyperref Warning: Token not allowed in a PDF string (PDFDocEncoding):
(hyperref)                removing `subscript' on input line 369.


Package hyperref Warning: Token not allowed in a PDF string (PDFDocEncoding):
(hyperref)                removing `\right' on input line 369.


Package hyperref Warning: Token not allowed in a PDF string (PDFDocEncoding):
(hyperref)                removing `subscript' on input line 369.


Package hyperref Warning: Token not allowed in a PDF string (PDFDocEncoding):
(hyperref)                removing `superscript' on input line 369.


Package hyperref Warning: Token not allowed in a PDF string (PDFDocEncoding):
(hyperref)                removing `math shift' on input line 369.


Package hyperref Warning: Token not allowed in a PDF string (PDFDocEncoding):
(hyperref)                removing `\left' on input line 369.


Package hyperref Warning: Token not allowed in a PDF string (PDFDocEncoding):
(hyperref)                removing `subscript' on input line 369.


Package hyperref Warning: Token not allowed in a PDF string (PDFDocEncoding):
(hyperref)                removing `\right' on input line 369.


Package hyperref Warning: Token not allowed in a PDF string (PDFDocEncoding):
(hyperref)                removing `subscript' on input line 369.


Package hyperref Warning: Token not allowed in a PDF string (PDFDocEncoding):
(hyperref)                removing `superscript' on input line 369.


Overfull \hbox (108.04376pt too wide) detected at line 377
[]
 []

[8]

Package hyperref Warning: Token not allowed in a PDF string (PDFDocEncoding):
(hyperref)                removing `math shift' on input line 422.


Package hyperref Warning: Token not allowed in a PDF string (PDFDocEncoding):
(hyperref)                removing `\left' on input line 422.


Package hyperref Warning: Token not allowed in a PDF string (PDFDocEncoding):
(hyperref)                removing `\mu' on input line 422.


Package hyperref Warning: Token not allowed in a PDF string (PDFDocEncoding):
(hyperref)                removing `subscript' on input line 422.


Package hyperref Warning: Token not allowed in a PDF string (PDFDocEncoding):
(hyperref)                removing `superscript' on input line 422.


Package hyperref Warning: Token not allowed in a PDF string (PDFDocEncoding):
(hyperref)                removing `\right' on input line 422.


Package hyperref Warning: Token not allowed in a PDF string (PDFDocEncoding):
(hyperref)                removing `subscript' on input line 422.


Package hyperref Warning: Token not allowed in a PDF string (PDFDocEncoding):
(hyperref)                removing `math shift' on input line 422.


Package hyperref Warning: Token not allowed in a PDF string (PDFDocEncoding):
(hyperref)                removing `\left' on input line 422.


Package hyperref Warning: Token not allowed in a PDF string (PDFDocEncoding):
(hyperref)                removing `\Sigma' on input line 422.


Package hyperref Warning: Token not allowed in a PDF string (PDFDocEncoding):
(hyperref)                removing `subscript' on input line 422.


Package hyperref Warning: Token not allowed in a PDF string (PDFDocEncoding):
(hyperref)                removing `superscript' on input line 422.


Package hyperref Warning: Token not allowed in a PDF string (PDFDocEncoding):
(hyperref)                removing `\right' on input line 422.


Package hyperref Warning: Token not allowed in a PDF string (PDFDocEncoding):
(hyperref)                removing `subscript' on input line 422.


Package hyperref Warning: Token not allowed in a PDF string (PDFDocEncoding):
(hyperref)                removing `math shift' on input line 442.


Package hyperref Warning: Token not allowed in a PDF string (PDFDocEncoding):
(hyperref)                removing `math shift' on input line 442.


Package hyperref Warning: Token not allowed in a PDF string (PDFDocEncoding):
(hyperref)                removing `math shift' on input line 442.


Overfull \hbox (15.8365pt too wide) detected at line 469
[]
 []

[9]
LaTeX Font Info:    External font `lmex10' loaded for size
(Font)              <14.4> on input line 472.


Package hyperref Warning: Token not allowed in a PDF string (PDFDocEncoding):
(hyperref)                removing `math shift' on input line 472.


Package hyperref Warning: Token not allowed in a PDF string (PDFDocEncoding):
(hyperref)                removing `math shift' on input line 472.


Package hyperref Warning: Token not allowed in a PDF string (PDFDocEncoding):
(hyperref)                removing `math shift' on input line 474.


Package hyperref Warning: Token not allowed in a PDF string (PDFDocEncoding):
(hyperref)                removing `math shift' on input line 474.

<image016.png, id=207, 421.1986pt x 315.80484pt>
File: image016.png Graphic file (type png)
<use image016.png>
Package pdftex.def Info: image016.png  used on input line 482.
(pdftex.def)             Requested size: 207.0021pt x 155.20833pt.
<image017.png, id=209, 421.1986pt x 315.80484pt>
File: image017.png Graphic file (type png)
<use image017.png>
Package pdftex.def Info: image017.png  used on input line 482.
(pdftex.def)             Requested size: 207.0021pt x 155.20833pt.

Package hyperref Warning: Token not allowed in a PDF string (PDFDocEncoding):
(hyperref)                removing `math shift' on input line 489.


Package hyperref Warning: Token not allowed in a PDF string (PDFDocEncoding):
(hyperref)                removing `math shift' on input line 489.


Package hyperref Warning: Token not allowed in a PDF string (PDFDocEncoding):
(hyperref)                removing `math shift' on input line 489.


Package hyperref Warning: Token not allowed in a PDF string (PDFDocEncoding):
(hyperref)                removing `subscript' on input line 489.

<image018.png, id=212, 421.1986pt x 315.80484pt>
File: image018.png Graphic file (type png)
<use image018.png>
Package pdftex.def Info: image018.png  used on input line 498.
(pdftex.def)             Requested size: 207.0021pt x 155.20833pt.
<image020.png, id=213, 421.1986pt x 315.80484pt>
File: image020.png Graphic file (type png)
<use image020.png>
Package pdftex.def Info: image020.png  used on input line 498.
(pdftex.def)             Requested size: 207.0021pt x 155.20833pt.
[10 <./image016.png> <./image017.png>]
<image019.png, id=227, 421.1986pt x 315.80484pt>
File: image019.png Graphic file (type png)
<use image019.png>
Package pdftex.def Info: image019.png  used on input line 509.
(pdftex.def)             Requested size: 207.0021pt x 155.20833pt.
<image021.png, id=228, 421.1986pt x 315.80484pt>
File: image021.png Graphic file (type png)
<use image021.png>
Package pdftex.def Info: image021.png  used on input line 509.
(pdftex.def)             Requested size: 207.0021pt x 155.20833pt.


Package hyperref Warning: Token not allowed in a PDF string (PDFDocEncoding):
(hyperref)                removing `math shift' on input line 516.


Package hyperref Warning: Token not allowed in a PDF string (PDFDocEncoding):
(hyperref)                removing `math shift' on input line 516.


Package hyperref Warning: Token not allowed in a PDF string (PDFDocEncoding):
(hyperref)                removing `math shift' on input line 516.


Package hyperref Warning: Token not allowed in a PDF string (PDFDocEncoding):
(hyperref)                removing `math shift' on input line 516.


Package hyperref Warning: Token not allowed in a PDF string (PDFDocEncoding):
(hyperref)                removing `subscript' on input line 516.

[11 <./image018.png> <./image020.png> <./image019.png> <./image021.png>]
<bAX_blkDiag_trace.png, id=244, 421.1986pt x 315.80484pt>
File: bAX_blkDiag_trace.png Graphic file (type png)
<use bAX_blkDiag_trace.png>
Package pdftex.def Info: bAX_blkDiag_trace.png  used on input line 525.
(pdftex.def)             Requested size: 189.75105pt x 142.26988pt.
<bAX_blkDiag_latent.png, id=245, 421.1986pt x 315.80484pt>
File: bAX_blkDiag_latent.png Graphic file (type png)
<use bAX_blkDiag_latent.png>
Package pdftex.def Info: bAX_blkDiag_latent.png  used on input line 525.
(pdftex.def)             Requested size: 189.75105pt x 142.26988pt.
<bAX_blkDiag_A.png, id=246, 421.1986pt x 315.80484pt>
File: bAX_blkDiag_A.png Graphic file (type png)
<use bAX_blkDiag_A.png>
Package pdftex.def Info: bAX_blkDiag_A.png  used on input line 525.
(pdftex.def)             Requested size: 189.75105pt x 142.26988pt.
<bAX_full_trace.png, id=247, 421.1986pt x 315.80484pt>
File: bAX_full_trace.png Graphic file (type png)
<use bAX_full_trace.png>
Package pdftex.def Info: bAX_full_trace.png  used on input line 536.
(pdftex.def)             Requested size: 189.75105pt x 142.26988pt.
<bAX_full_latent.png, id=248, 421.1986pt x 315.80484pt>
File: bAX_full_latent.png Graphic file (type png)
<use bAX_full_latent.png>
Package pdftex.def Info: bAX_full_latent.png  used on input line 536.
(pdftex.def)             Requested size: 189.75105pt x 142.26988pt.
<bAX_full_A.png, id=249, 421.1986pt x 315.80484pt>
File: bAX_full_A.png Graphic file (type png)
<use bAX_full_A.png>
Package pdftex.def Info: bAX_full_A.png  used on input line 536.
(pdftex.def)             Requested size: 189.75105pt x 142.26988pt.

[12 <./bAX_blkDiag_trace.png> <./bAX_blkDiag_latent.png> <./bAX_blkDiag_A.png> 
<./bAX_full_trace.png> <./bAX_full_latent.png> <./bAX_full_A.png>]
<xnorm_doubleN.png, id=275, 420.82219pt x 315.80484pt>
File: xnorm_doubleN.png Graphic file (type png)
<use xnorm_doubleN.png>
Package pdftex.def Info: xnorm_doubleN.png  used on input line 566.
(pdftex.def)             Requested size: 189.75105pt x 142.39998pt.
<trace_doubleN.png, id=276, 420.82219pt x 315.80484pt>
File: trace_doubleN.png Graphic file (type png)
<use trace_doubleN.png>
Package pdftex.def Info: trace_doubleN.png  used on input line 566.
(pdftex.def)             Requested size: 189.75105pt x 142.39998pt.
 [13 <./xnorm_doubleN.png> <./trace_doubleN.png>]
<FR_doubleN.png, id=288, 420.82219pt x 315.80484pt>
File: FR_doubleN.png Graphic file (type png)
<use FR_doubleN.png>
Package pdftex.def Info: FR_doubleN.png  used on input line 579.
(pdftex.def)             Requested size: 189.75105pt x 142.39998pt.
<latent_doubleN.png, id=289, 420.82219pt x 315.80484pt>
File: latent_doubleN.png Graphic file (type png)
<use latent_doubleN.png>
Package pdftex.def Info: latent_doubleN.png  used on input line 579.
(pdftex.def)             Requested size: 189.75105pt x 142.39998pt.
<A_doubleN.png, id=290, 420.82219pt x 315.80484pt>
File: A_doubleN.png Graphic file (type png)
<use A_doubleN.png>
Package pdftex.def Info: A_doubleN.png  used on input line 579.
(pdftex.def)             Requested size: 189.75105pt x 142.39998pt.
<xnorm_dcMH.png, id=292, 420.82219pt x 315.80484pt>
File: xnorm_dcMH.png Graphic file (type png)
<use xnorm_dcMH.png>
Package pdftex.def Info: xnorm_dcMH.png  used on input line 593.
(pdftex.def)             Requested size: 189.75105pt x 142.39998pt.
<trace_dcMH.png, id=293, 420.82219pt x 315.80484pt>
File: trace_dcMH.png Graphic file (type png)
<use trace_dcMH.png>
Package pdftex.def Info: trace_dcMH.png  used on input line 593.
(pdftex.def)             Requested size: 189.75105pt x 142.39998pt.
<FR_dcMH.png, id=295, 420.82219pt x 315.80484pt>
File: FR_dcMH.png Graphic file (type png)
<use FR_dcMH.png>
Package pdftex.def Info: FR_dcMH.png  used on input line 606.
(pdftex.def)             Requested size: 189.75105pt x 142.39998pt.
<latent_dcMH.png, id=296, 420.82219pt x 315.80484pt>
File: latent_dcMH.png Graphic file (type png)
<use latent_dcMH.png>
Package pdftex.def Info: latent_dcMH.png  used on input line 606.
(pdftex.def)             Requested size: 189.75105pt x 142.39998pt.
<A_dcMH.png, id=297, 420.82219pt x 315.80484pt>
File: A_dcMH.png Graphic file (type png)
<use A_dcMH.png>
Package pdftex.def Info: A_dcMH.png  used on input line 606.
(pdftex.def)             Requested size: 189.75105pt x 142.39998pt.


LaTeX Warning: `!h' float specifier changed to `!ht'.

[14 <./FR_doubleN.png> <./latent_doubleN.png> <./A_doubleN.png> <./xnorm_dcMH.p
ng> <./trace_dcMH.png>]
<xnorm_doubleMH.png, id=316, 420.82219pt x 315.80484pt>
File: xnorm_doubleMH.png Graphic file (type png)
<use xnorm_doubleMH.png>
Package pdftex.def Info: xnorm_doubleMH.png  used on input line 623.
(pdftex.def)             Requested size: 189.75105pt x 142.39998pt.
<trace_doubleMH.png, id=317, 420.82219pt x 315.80484pt>
File: trace_doubleMH.png Graphic file (type png)
<use trace_doubleMH.png>
Package pdftex.def Info: trace_doubleMH.png  used on input line 623.
(pdftex.def)             Requested size: 189.75105pt x 142.39998pt.
<FR_doubleMH.png, id=319, 420.82219pt x 315.80484pt>
File: FR_doubleMH.png Graphic file (type png)
<use FR_doubleMH.png>
Package pdftex.def Info: FR_doubleMH.png  used on input line 638.
(pdftex.def)             Requested size: 189.75105pt x 142.39998pt.
<latent_doubleMH.png, id=320, 420.82219pt x 315.80484pt>
File: latent_doubleMH.png Graphic file (type png)
<use latent_doubleMH.png>
Package pdftex.def Info: latent_doubleMH.png  used on input line 638.
(pdftex.def)             Requested size: 189.75105pt x 142.39998pt.
<A_doubleMH.png, id=321, 420.82219pt x 315.80484pt>
File: A_doubleMH.png Graphic file (type png)
<use A_doubleMH.png>
Package pdftex.def Info: A_doubleMH.png  used on input line 638.
(pdftex.def)             Requested size: 189.75105pt x 142.39998pt.


LaTeX Warning: `!h' float specifier changed to `!ht'.

[15 <./FR_dcMH.png> <./latent_dcMH.png> <./A_dcMH.png> <./xnorm_doubleMH.png> <
./trace_doubleMH.png>]
<xnorm_halfMH.png, id=340, 420.82219pt x 315.80484pt>
File: xnorm_halfMH.png Graphic file (type png)
<use xnorm_halfMH.png>
Package pdftex.def Info: xnorm_halfMH.png  used on input line 657.
(pdftex.def)             Requested size: 189.75105pt x 142.39998pt.
<trace_halfMH.png, id=341, 420.82219pt x 315.80484pt>
File: trace_halfMH.png Graphic file (type png)
<use trace_halfMH.png>
Package pdftex.def Info: trace_halfMH.png  used on input line 657.
(pdftex.def)             Requested size: 189.75105pt x 142.39998pt.
<FR_halfMH.png, id=343, 420.82219pt x 315.80484pt>
File: FR_halfMH.png Graphic file (type png)
<use FR_halfMH.png>
Package pdftex.def Info: FR_halfMH.png  used on input line 670.
(pdftex.def)             Requested size: 189.75105pt x 142.39998pt.
<latent_halfMH.png, id=344, 420.82219pt x 315.80484pt>
File: latent_halfMH.png Graphic file (type png)
<use latent_halfMH.png>
Package pdftex.def Info: latent_halfMH.png  used on input line 670.
(pdftex.def)             Requested size: 189.75105pt x 142.39998pt.
<A_halfMH.png, id=345, 420.82219pt x 315.80484pt>
File: A_halfMH.png Graphic file (type png)
<use A_halfMH.png>
Package pdftex.def Info: A_halfMH.png  used on input line 670.
(pdftex.def)             Requested size: 189.75105pt x 142.39998pt.
 [16 <./FR_doubleMH.png> <./latent_doubleMH.png> <./A_doubleMH.png> <./xnorm_ha
lfMH.png> <./trace_halfMH.png>] [17 <./FR_halfMH.png> <./latent_halfMH.png> <./
A_halfMH.png>] [18] [19

] (./cluster_neural_population.aux)
Package rerunfilecheck Info: File `cluster_neural_population.out' has not chang
ed.
(rerunfilecheck)             Checksum: E6455AE4D42888AA948E9A0F2EB38C46;1925.


LaTeX Warning: There were multiply-defined labels.

 ) 
Here is how much of TeX's memory you used:
 7748 strings out of 479383
 113674 string characters out of 5868871
 432766 words of memory out of 5000000
 24527 multiletter control sequences out of 15000+600000
 464722 words of font info for 93 fonts, out of 8000000 for 9000
 1141 hyphenation exceptions out of 8191
 66i,14n,72p,876b,400s stack positions out of 5000i,500n,10000p,200000b,80000s
{e:/software/texlive/2020/texmf-dist/fonts/enc/dvips/lm/lm-rm.enc}{e:/softwar
e/texlive/2020/texmf-dist/fonts/enc/dvips/lm/lm-mathit.enc}{e:/software/texlive
/2020/texmf-dist/fonts/enc/dvips/lm/lm-mathsy.enc}{e:/software/texlive/2020/tex
mf-dist/fonts/enc/dvips/lm/lm-mathex.enc}<e:/software/texlive/2020/texmf-dist/f
onts/type1/public/amsfonts/cm/cmbx10.pfb><e:/software/texlive/2020/texmf-dist/f
onts/type1/public/amsfonts/cm/cmmib10.pfb><e:/software/texlive/2020/texmf-dist/
fonts/type1/public/amsfonts/cmextra/cmmib5.pfb><e:/software/texlive/2020/texmf-
dist/fonts/type1/public/amsfonts/cmextra/cmmib7.pfb><e:/software/texlive/2020/t
exmf-dist/fonts/type1/public/lm/lmbx10.pfb><e:/software/texlive/2020/texmf-dist
/fonts/type1/public/lm/lmbx12.pfb><e:/software/texlive/2020/texmf-dist/fonts/ty
pe1/public/lm/lmbx5.pfb><e:/software/texlive/2020/texmf-dist/fonts/type1/public
/lm/lmbx7.pfb><e:/software/texlive/2020/texmf-dist/fonts/type1/public/lm/lmbx8.
pfb><e:/software/texlive/2020/texmf-dist/fonts/type1/public/lm/lmex10.pfb><e:/s
oftware/texlive/2020/texmf-dist/fonts/type1/public/lm/lmmi10.pfb><e:/software/t
exlive/2020/texmf-dist/fonts/type1/public/lm/lmmi5.pfb><e:/software/texlive/202
0/texmf-dist/fonts/type1/public/lm/lmmi7.pfb><e:/software/texlive/2020/texmf-di
st/fonts/type1/public/lm/lmmi8.pfb><e:/software/texlive/2020/texmf-dist/fonts/t
ype1/public/lm/lmr10.pfb><e:/software/texlive/2020/texmf-dist/fonts/type1/publi
c/lm/lmr17.pfb><e:/software/texlive/2020/texmf-dist/fonts/type1/public/lm/lmr5.
pfb><e:/software/texlive/2020/texmf-dist/fonts/type1/public/lm/lmr7.pfb><e:/sof
tware/texlive/2020/texmf-dist/fonts/type1/public/lm/lmr8.pfb><e:/software/texli
ve/2020/texmf-dist/fonts/type1/public/lm/lmro10.pfb><e:/software/texlive/2020/t
exmf-dist/fonts/type1/public/lm/lmsy10.pfb><e:/software/texlive/2020/texmf-dist
/fonts/type1/public/lm/lmsy5.pfb><e:/software/texlive/2020/texmf-dist/fonts/typ
e1/public/lm/lmsy7.pfb><e:/software/texlive/2020/texmf-dist/fonts/type1/public/
amsfonts/symbols/msbm10.pfb>
Output written on cluster_neural_population.pdf (19 pages, 3058271 bytes).
PDF statistics:
 500 PDF objects out of 1000 (max. 8388607)
 387 compressed objects within 4 object streams
 130 named destinations out of 1000 (max. 500000)
 361 words of extra memory for PDF output out of 10000 (max. 10000000)

