This is pdfTeX, Version 3.14159265-2.6-1.40.21 (TeX Live 2020/W32TeX) (preloaded format=pdflatex 2020.12.6)  17 JAN 2022 08:10
entering extended mode
 restricted \write18 enabled.
 %&-line parsing enabled.
**draft.tex
(./draft.tex
LaTeX2e <2020-10-01> patch level 2
L3 programming layer <2020-12-03> xparse <2020-03-03>
(e:/software/texlive/2020/texmf-dist/tex/latex/base/article.cls
Document Class: article 2020/04/10 v1.4m Standard LaTeX document class
(e:/software/texlive/2020/texmf-dist/tex/latex/base/size10.clo
File: size10.clo 2020/04/10 v1.4m Standard LaTeX file (size option)
)
\c@part=\count177
\c@section=\count178
\c@subsection=\count179
\c@subsubsection=\count180
\c@paragraph=\count181
\c@subparagraph=\count182
\c@figure=\count183
\c@table=\count184
\abovecaptionskip=\skip47
\belowcaptionskip=\skip48
\bibindent=\dimen138
)
(./neurips_2021.sty
Package: neurips_2021 2021/03/31 NeurIPS 2021 submission/camera-ready style fil
e

(e:/software/texlive/2020/texmf-dist/tex/latex/environ/environ.sty
Package: environ 2014/05/04 v0.3 A new way to define environments

(e:/software/texlive/2020/texmf-dist/tex/latex/trimspaces/trimspaces.sty
Package: trimspaces 2009/09/17 v1.1 Trim spaces around a token list
)
\@envbody=\toks15
)
(e:/software/texlive/2020/texmf-dist/tex/latex/lineno/lineno.sty
Package: lineno 2005/11/02 line numbers on paragraphs v4.41
\linenopenalty=\count185
\output=\toks16
\linenoprevgraf=\count186
\linenumbersep=\dimen139
\linenumberwidth=\dimen140
\c@linenumber=\count187
\c@pagewiselinenumber=\count188
\c@LN@truepage=\count189
\c@internallinenumber=\count190
\c@internallinenumbers=\count191
\quotelinenumbersep=\dimen141
\bframerule=\dimen142
\bframesep=\dimen143
\bframebox=\box47
LaTeX Info: Redefining \\ on input line 3056.
)
(e:/software/texlive/2020/texmf-dist/tex/latex/natbib/natbib.sty
Package: natbib 2010/09/13 8.31b (PWD, AO)
\bibhang=\skip49
\bibsep=\skip50
LaTeX Info: Redefining \cite on input line 694.
\c@NAT@ctr=\count192
)
(e:/software/texlive/2020/texmf-dist/tex/latex/geometry/geometry.sty
Package: geometry 2020/01/02 v5.9 Page Geometry

(e:/software/texlive/2020/texmf-dist/tex/latex/graphics/keyval.sty
Package: keyval 2014/10/28 v1.15 key=value parser (DPC)
\KV@toks@=\toks17
)
(e:/software/texlive/2020/texmf-dist/tex/generic/iftex/ifvtex.sty
Package: ifvtex 2019/10/25 v1.7 ifvtex legacy package. Use iftex instead.

(e:/software/texlive/2020/texmf-dist/tex/generic/iftex/iftex.sty
Package: iftex 2020/03/06 v1.0d TeX engine tests
))
\Gm@cnth=\count193
\Gm@cntv=\count194
\c@Gm@tempcnt=\count195
\Gm@bindingoffset=\dimen144
\Gm@wd@mp=\dimen145
\Gm@odd@mp=\dimen146
\Gm@even@mp=\dimen147
\Gm@layoutwidth=\dimen148
\Gm@layoutheight=\dimen149
\Gm@layouthoffset=\dimen150
\Gm@layoutvoffset=\dimen151
\Gm@dimlist=\toks18
)
\@neuripsabovecaptionskip=\skip51
\@neuripsbelowcaptionskip=\skip52
)
(e:/software/texlive/2020/texmf-dist/tex/latex/base/inputenc.sty
Package: inputenc 2020/08/01 v1.3d Input encoding file
\inpenc@prehook=\toks19
\inpenc@posthook=\toks20
)
(e:/software/texlive/2020/texmf-dist/tex/latex/base/fontenc.sty
Package: fontenc 2020/08/10 v2.0s Standard LaTeX package
LaTeX Font Info:    Trying to load font information for T1+ptm on input line 11
2.

(e:/software/texlive/2020/texmf-dist/tex/latex/psnfss/t1ptm.fd
File: t1ptm.fd 2001/06/04 font definitions for T1/ptm.
))
(e:/software/texlive/2020/texmf-dist/tex/latex/hyperref/hyperref.sty
Package: hyperref 2020-05-15 v7.00e Hypertext links for LaTeX

(e:/software/texlive/2020/texmf-dist/tex/generic/ltxcmds/ltxcmds.sty
Package: ltxcmds 2020-05-10 v1.25 LaTeX kernel commands for general use (HO)
)
(e:/software/texlive/2020/texmf-dist/tex/generic/pdftexcmds/pdftexcmds.sty
Package: pdftexcmds 2020-06-27 v0.33 Utility functions of pdfTeX for LuaTeX (HO
)

(e:/software/texlive/2020/texmf-dist/tex/generic/infwarerr/infwarerr.sty
Package: infwarerr 2019/12/03 v1.5 Providing info/warning/error messages (HO)
)
Package pdftexcmds Info: \pdf@primitive is available.
Package pdftexcmds Info: \pdf@ifprimitive is available.
Package pdftexcmds Info: \pdfdraftmode found.
)
(e:/software/texlive/2020/texmf-dist/tex/generic/kvsetkeys/kvsetkeys.sty
Package: kvsetkeys 2019/12/15 v1.18 Key value parser (HO)
)
(e:/software/texlive/2020/texmf-dist/tex/generic/kvdefinekeys/kvdefinekeys.sty
Package: kvdefinekeys 2019-12-19 v1.6 Define keys (HO)
) (e:/software/texlive/2020/texmf-dist/tex/generic/pdfescape/pdfescape.sty
Package: pdfescape 2019/12/09 v1.15 Implements pdfTeX's escape features (HO)
)
(e:/software/texlive/2020/texmf-dist/tex/latex/hycolor/hycolor.sty
Package: hycolor 2020-01-27 v1.10 Color options for hyperref/bookmark (HO)
)
(e:/software/texlive/2020/texmf-dist/tex/latex/letltxmacro/letltxmacro.sty
Package: letltxmacro 2019/12/03 v1.6 Let assignment for LaTeX macros (HO)
)
(e:/software/texlive/2020/texmf-dist/tex/latex/auxhook/auxhook.sty
Package: auxhook 2019-12-17 v1.6 Hooks for auxiliary files (HO)
)
(e:/software/texlive/2020/texmf-dist/tex/latex/kvoptions/kvoptions.sty
Package: kvoptions 2020-10-07 v3.14 Key value format for package options (HO)
)
\@linkdim=\dimen152
\Hy@linkcounter=\count196
\Hy@pagecounter=\count197

(e:/software/texlive/2020/texmf-dist/tex/latex/hyperref/pd1enc.def
File: pd1enc.def 2020-05-15 v7.00e Hyperref: PDFDocEncoding definition (HO)
Now handling font encoding PD1 ...
... no UTF-8 mapping file for font encoding PD1
)
(e:/software/texlive/2020/texmf-dist/tex/generic/intcalc/intcalc.sty
Package: intcalc 2019/12/15 v1.3 Expandable calculations with integers (HO)
)
(e:/software/texlive/2020/texmf-dist/tex/generic/etexcmds/etexcmds.sty
Package: etexcmds 2019/12/15 v1.7 Avoid name clashes with e-TeX commands (HO)
)
\Hy@SavedSpaceFactor=\count198
Package hyperref Info: Hyper figures OFF on input line 4464.
Package hyperref Info: Link nesting OFF on input line 4469.
Package hyperref Info: Hyper index ON on input line 4472.
Package hyperref Info: Plain pages OFF on input line 4479.
Package hyperref Info: Backreferencing OFF on input line 4484.
Package hyperref Info: Implicit mode ON; LaTeX internals redefined.
Package hyperref Info: Bookmarks ON on input line 4717.
\c@Hy@tempcnt=\count199

(e:/software/texlive/2020/texmf-dist/tex/latex/url/url.sty
\Urlmuskip=\muskip16
Package: url 2013/09/16  ver 3.4  Verb mode for urls, etc.
)
LaTeX Info: Redefining \url on input line 5076.
\XeTeXLinkMargin=\dimen153

(e:/software/texlive/2020/texmf-dist/tex/generic/bitset/bitset.sty
Package: bitset 2019/12/09 v1.3 Handle bit-vector datatype (HO)

(e:/software/texlive/2020/texmf-dist/tex/generic/bigintcalc/bigintcalc.sty
Package: bigintcalc 2019/12/15 v1.5 Expandable calculations on big integers (HO
)
))
\Fld@menulength=\count266
\Field@Width=\dimen154
\Fld@charsize=\dimen155
Package hyperref Info: Hyper figures OFF on input line 6347.
Package hyperref Info: Link nesting OFF on input line 6352.
Package hyperref Info: Hyper index ON on input line 6355.
Package hyperref Info: backreferencing OFF on input line 6362.
Package hyperref Info: Link coloring OFF on input line 6367.
Package hyperref Info: Link coloring with OCG OFF on input line 6372.
Package hyperref Info: PDF/A mode OFF on input line 6377.
LaTeX Info: Redefining \ref on input line 6417.
LaTeX Info: Redefining \pageref on input line 6421.

(e:/software/texlive/2020/texmf-dist/tex/latex/base/atbegshi-ltx.sty
Package: atbegshi-ltx 2020/08/17 v1.0a Emulation of the original atbegshi packa
ge
with kernel methods
)
\Hy@abspage=\count267
\c@Item=\count268
\c@Hfootnote=\count269
)
Package hyperref Info: Driver (autodetected): hpdftex.

(e:/software/texlive/2020/texmf-dist/tex/latex/hyperref/hpdftex.def
File: hpdftex.def 2020-05-15 v7.00e Hyperref driver for pdfTeX

(e:/software/texlive/2020/texmf-dist/tex/latex/base/atveryend-ltx.sty
Package: atveryend-ltx 2020/08/19 v1.0a Emulation of the original atvery packag
e
with kernel methods
)
\Fld@listcount=\count270
\c@bookmark@seq@number=\count271

(e:/software/texlive/2020/texmf-dist/tex/latex/rerunfilecheck/rerunfilecheck.st
y
Package: rerunfilecheck 2019/12/05 v1.9 Rerun checks for auxiliary files (HO)

(e:/software/texlive/2020/texmf-dist/tex/generic/uniquecounter/uniquecounter.st
y
Package: uniquecounter 2019/12/15 v1.4 Provide unlimited unique counter (HO)
)
Package uniquecounter Info: New unique counter `rerunfilecheck' on input line 2
86.
)
\Hy@SectionHShift=\skip53
) (e:/software/texlive/2020/texmf-dist/tex/latex/booktabs/booktabs.sty
Package: booktabs 2020/01/12 v1.61803398 Publication quality tables
\heavyrulewidth=\dimen156
\lightrulewidth=\dimen157
\cmidrulewidth=\dimen158
\belowrulesep=\dimen159
\belowbottomsep=\dimen160
\aboverulesep=\dimen161
\abovetopsep=\dimen162
\cmidrulesep=\dimen163
\cmidrulekern=\dimen164
\defaultaddspace=\dimen165
\@cmidla=\count272
\@cmidlb=\count273
\@aboverulesep=\dimen166
\@belowrulesep=\dimen167
\@thisruleclass=\count274
\@lastruleclass=\count275
\@thisrulewidth=\dimen168
)
(e:/software/texlive/2020/texmf-dist/tex/latex/amsfonts/amsfonts.sty
Package: amsfonts 2013/01/14 v3.01 Basic AMSFonts support
\@emptytoks=\toks21
\symAMSa=\mathgroup4
\symAMSb=\mathgroup5
LaTeX Font Info:    Redeclaring math symbol \hbar on input line 98.
LaTeX Font Info:    Overwriting math alphabet `\mathfrak' in version `bold'
(Font)                  U/euf/m/n --> U/euf/b/n on input line 106.
)
(e:/software/texlive/2020/texmf-dist/tex/latex/units/nicefrac.sty
Package: nicefrac 1998/08/04 v0.9b Nice fractions
\L@UnitsRaiseDisplaystyle=\skip54
\L@UnitsRaiseTextstyle=\skip55
\L@UnitsRaiseScriptstyle=\skip56

(e:/software/texlive/2020/texmf-dist/tex/latex/base/ifthen.sty
Package: ifthen 2014/09/29 v1.1c Standard LaTeX ifthen package (DPC)
))
(e:/software/texlive/2020/texmf-dist/tex/latex/microtype/microtype.sty
Package: microtype 2019/11/18 v2.7d Micro-typographical refinements (RS)
\MT@toks=\toks22
\MT@count=\count276
LaTeX Info: Redefining \textls on input line 790.
\MT@outer@kern=\dimen169
LaTeX Info: Redefining \textmicrotypecontext on input line 1354.
\MT@listname@count=\count277

(e:/software/texlive/2020/texmf-dist/tex/latex/microtype/microtype-pdftex.def
File: microtype-pdftex.def 2019/11/18 v2.7d Definitions specific to pdftex (RS)

LaTeX Info: Redefining \lsstyle on input line 914.
LaTeX Info: Redefining \lslig on input line 914.
\MT@outer@space=\skip57
)
Package microtype Info: Loading configuration file microtype.cfg.

(e:/software/texlive/2020/texmf-dist/tex/latex/microtype/microtype.cfg
File: microtype.cfg 2019/11/18 v2.7d microtype main configuration file (RS)
))
(e:/software/texlive/2020/texmf-dist/tex/latex/xcolor/xcolor.sty
Package: xcolor 2016/05/11 v2.12 LaTeX color extensions (UK)

(e:/software/texlive/2020/texmf-dist/tex/latex/graphics-cfg/color.cfg
File: color.cfg 2016/01/02 v1.6 sample color configuration
)
Package xcolor Info: Driver file: pdftex.def on input line 225.

(e:/software/texlive/2020/texmf-dist/tex/latex/graphics-def/pdftex.def
File: pdftex.def 2020/10/05 v1.2a Graphics/color driver for pdftex
)
Package xcolor Info: Model `cmy' substituted by `cmy0' on input line 1348.
Package xcolor Info: Model `hsb' substituted by `rgb' on input line 1352.
Package xcolor Info: Model `RGB' extended on input line 1364.
Package xcolor Info: Model `HTML' substituted by `rgb' on input line 1366.
Package xcolor Info: Model `Hsb' substituted by `hsb' on input line 1367.
Package xcolor Info: Model `tHsb' substituted by `hsb' on input line 1368.
Package xcolor Info: Model `HSB' substituted by `hsb' on input line 1369.
Package xcolor Info: Model `Gray' substituted by `gray' on input line 1370.
Package xcolor Info: Model `wave' substituted by `hsb' on input line 1371.
)
(e:/software/texlive/2020/texmf-dist/tex/latex/tools/bm.sty
Package: bm 2019/07/24 v1.2d Bold Symbol Support (DPC/FMi)
\symboldoperators=\mathgroup6
\symboldletters=\mathgroup7
\symboldsymbols=\mathgroup8
LaTeX Font Info:    Redeclaring math alphabet \mathbf on input line 141.
LaTeX Info: Redefining \bm on input line 209.
)
(e:/software/texlive/2020/texmf-dist/tex/latex/amsmath/amsmath.sty
Package: amsmath 2020/09/23 v2.17i AMS math features
\@mathmargin=\skip58

For additional information on amsmath, use the `?' option.
(e:/software/texlive/2020/texmf-dist/tex/latex/amsmath/amstext.sty
Package: amstext 2000/06/29 v2.01 AMS text

(e:/software/texlive/2020/texmf-dist/tex/latex/amsmath/amsgen.sty
File: amsgen.sty 1999/11/30 v2.0 generic functions
\@emptytoks=\toks23
\ex@=\dimen170
))
(e:/software/texlive/2020/texmf-dist/tex/latex/amsmath/amsbsy.sty
Package: amsbsy 1999/11/29 v1.2d Bold Symbols
LaTeX Info: Redefining \boldsymbol on input line 28.
\pmbraise@=\dimen171
)
(e:/software/texlive/2020/texmf-dist/tex/latex/amsmath/amsopn.sty
Package: amsopn 2016/03/08 v2.02 operator names
)
\inf@bad=\count278
LaTeX Info: Redefining \frac on input line 234.
\uproot@=\count279
\leftroot@=\count280
LaTeX Info: Redefining \overline on input line 399.
\classnum@=\count281
\DOTSCASE@=\count282
LaTeX Info: Redefining \ldots on input line 496.
LaTeX Info: Redefining \dots on input line 499.
LaTeX Info: Redefining \cdots on input line 620.
\Mathstrutbox@=\box48
\strutbox@=\box49
\big@size=\dimen172
LaTeX Font Info:    Redeclaring font encoding OML on input line 743.
LaTeX Font Info:    Redeclaring font encoding OMS on input line 744.
\macc@depth=\count283
\c@MaxMatrixCols=\count284
\dotsspace@=\muskip17
\c@parentequation=\count285
\dspbrk@lvl=\count286
\tag@help=\toks24
\row@=\count287
\column@=\count288
\maxfields@=\count289
\andhelp@=\toks25
\eqnshift@=\dimen173
\alignsep@=\dimen174
\tagshift@=\dimen175
\tagwidth@=\dimen176
\totwidth@=\dimen177
\lineht@=\dimen178
\@envbody=\toks26
\multlinegap=\skip59
\multlinetaggap=\skip60
\mathdisplay@stack=\toks27
LaTeX Info: Redefining \[ on input line 2923.
LaTeX Info: Redefining \] on input line 2924.
)
(e:/software/texlive/2020/texmf-dist/tex/latex/amsfonts/amssymb.sty
Package: amssymb 2013/01/14 v3.01 AMS font symbols
)
(e:/software/texlive/2020/texmf-dist/tex/latex/graphics/graphicx.sty
Package: graphicx 2020/09/09 v1.2b Enhanced LaTeX Graphics (DPC,SPQR)

(e:/software/texlive/2020/texmf-dist/tex/latex/graphics/graphics.sty
Package: graphics 2020/08/30 v1.4c Standard LaTeX Graphics (DPC,SPQR)

(e:/software/texlive/2020/texmf-dist/tex/latex/graphics/trig.sty
Package: trig 2016/01/03 v1.10 sin cos tan (DPC)
)
(e:/software/texlive/2020/texmf-dist/tex/latex/graphics-cfg/graphics.cfg
File: graphics.cfg 2016/06/04 v1.11 sample graphics configuration
)
Package graphics Info: Driver file: pdftex.def on input line 105.
)
\Gin@req@height=\dimen179
\Gin@req@width=\dimen180
)
(e:/software/texlive/2020/texmf-dist/tex/latex/subfigure/subfigure.sty
Package: subfigure 2002/03/15 v2.1.5 subfigure package
\subfigtopskip=\skip61
\subfigcapskip=\skip62
\subfigcaptopadj=\dimen181
\subfigbottomskip=\skip63
\subfigcapmargin=\dimen182
\subfiglabelskip=\skip64
\c@subfigure=\count290
\c@lofdepth=\count291
\c@subtable=\count292
\c@lotdepth=\count293

****************************************
* Local config file subfigure.cfg used *
****************************************
(e:/software/texlive/2020/texmf-dist/tex/latex/subfigure/subfigure.cfg)
\subfig@top=\skip65
\subfig@bottom=\skip66
)
(e:/software/texlive/2020/texmf-dist/tex/latex/l3backend/l3backend-pdftex.def
File: l3backend-pdftex.def 2020-09-24 L3 backend support: PDF output (pdfTeX)
\l__kernel_color_stack_int=\count294
\l__pdf_internal_box=\box50
)
(./draft.aux

LaTeX Warning: Label `fig:3d' multiply defined.


LaTeX Warning: Label `sub@fig:3d' multiply defined.


LaTeX Warning: Label `fig:3d' multiply defined.


LaTeX Warning: Label `sub@fig:3d' multiply defined.


LaTeX Warning: Label `fig:3d' multiply defined.


LaTeX Warning: Label `sub@fig:3d' multiply defined.


LaTeX Warning: Label `fig:3d' multiply defined.


LaTeX Warning: Label `sub@fig:3d' multiply defined.

)
\openout1 = `draft.aux'.

LaTeX Font Info:    Checking defaults for OML/cmm/m/it on input line 77.
LaTeX Font Info:    ... okay on input line 77.
LaTeX Font Info:    Checking defaults for OMS/cmsy/m/n on input line 77.
LaTeX Font Info:    ... okay on input line 77.
LaTeX Font Info:    Checking defaults for OT1/cmr/m/n on input line 77.
LaTeX Font Info:    ... okay on input line 77.
LaTeX Font Info:    Checking defaults for T1/cmr/m/n on input line 77.
LaTeX Font Info:    ... okay on input line 77.
LaTeX Font Info:    Checking defaults for TS1/cmr/m/n on input line 77.
LaTeX Font Info:    ... okay on input line 77.
LaTeX Font Info:    Checking defaults for OMX/cmex/m/n on input line 77.
LaTeX Font Info:    ... okay on input line 77.
LaTeX Font Info:    Checking defaults for U/cmr/m/n on input line 77.
LaTeX Font Info:    ... okay on input line 77.
LaTeX Font Info:    Checking defaults for PD1/pdf/m/n on input line 77.
LaTeX Font Info:    ... okay on input line 77.

*geometry* verbose mode - [ newgeometry ] result:
* driver: 
* paper: letterpaper
* layout: <same size as paper>
* layoutoffset:(h,v)=(0.0pt,0.0pt)
* modes: 
* h-part:(L,W,R)=(108.405pt, 397.48499pt, 108.40501pt)
* v-part:(T,H,B)=(72.26999pt, 650.43pt, 72.27pt)
* \paperwidth=614.295pt
* \paperheight=794.96999pt
* \textwidth=397.48499pt
* \textheight=650.43pt
* \oddsidemargin=36.13501pt
* \evensidemargin=36.13501pt
* \topmargin=-37.0pt
* \headheight=12.0pt
* \headsep=25.0pt
* \topskip=10.0pt
* \footskip=30.0pt
* \marginparwidth=65.0pt
* \marginparsep=11.0pt
* \columnsep=10.0pt
* \skip\footins=9.0pt plus 4.0pt minus 2.0pt
* \hoffset=0.0pt
* \voffset=0.0pt
* \mag=1000
* \@twocolumnfalse
* \@twosidefalse
* \@mparswitchfalse
* \@reversemarginfalse
* (1in=72.27pt=25.4mm, 1cm=28.453pt)

*geometry* driver: auto-detecting
*geometry* detected driver: pdftex
*geometry* verbose mode - [ preamble ] result:
* driver: pdftex
* paper: letterpaper
* layout: <same size as paper>
* layoutoffset:(h,v)=(0.0pt,0.0pt)
* modes: 
* h-part:(L,W,R)=(108.405pt, 397.48499pt, 108.40501pt)
* v-part:(T,H,B)=(72.26999pt, 650.43pt, 72.27pt)
* \paperwidth=614.295pt
* \paperheight=794.96999pt
* \textwidth=397.48499pt
* \textheight=650.43pt
* \oddsidemargin=36.13501pt
* \evensidemargin=36.13501pt
* \topmargin=-37.0pt
* \headheight=12.0pt
* \headsep=25.0pt
* \topskip=10.0pt
* \footskip=30.0pt
* \marginparwidth=65.0pt
* \marginparsep=11.0pt
* \columnsep=10.0pt
* \skip\footins=9.0pt plus 4.0pt minus 2.0pt
* \hoffset=0.0pt
* \voffset=0.0pt
* \mag=1000
* \@twocolumnfalse
* \@twosidefalse
* \@mparswitchfalse
* \@reversemarginfalse
* (1in=72.27pt=25.4mm, 1cm=28.453pt)

Package hyperref Info: Link coloring OFF on input line 77.
(e:/software/texlive/2020/texmf-dist/tex/latex/hyperref/nameref.sty
Package: nameref 2019/09/16 v2.46 Cross-referencing by name of section

(e:/software/texlive/2020/texmf-dist/tex/latex/refcount/refcount.sty
Package: refcount 2019/12/15 v3.6 Data extraction from label references (HO)
)
(e:/software/texlive/2020/texmf-dist/tex/generic/gettitlestring/gettitlestring.
sty
Package: gettitlestring 2019/12/15 v1.6 Cleanup title references (HO)
)
\c@section@level=\count295
)
LaTeX Info: Redefining \ref on input line 77.
LaTeX Info: Redefining \pageref on input line 77.
LaTeX Info: Redefining \nameref on input line 77.
 (./draft.out) (./draft.out)
\@outlinefile=\write3
\openout3 = `draft.out'.

LaTeX Info: Redefining \microtypecontext on input line 77.
Package microtype Info: Generating PDF output.
Package microtype Info: Character protrusion enabled (level 2).
Package microtype Info: Using default protrusion set `alltext'.
Package microtype Info: Automatic font expansion enabled (level 2),
(microtype)             stretch: 20, shrink: 20, step: 1, non-selected.
Package microtype Info: Using default expansion set `basictext'.
LaTeX Info: Redefining \showhyphens on input line 77.
Package microtype Info: No adjustment of tracking.
Package microtype Info: No adjustment of interword spacing.
Package microtype Info: No adjustment of character kerning.

(e:/software/texlive/2020/texmf-dist/tex/latex/microtype/mt-ptm.cfg
File: mt-ptm.cfg 2006/04/20 v1.7 microtype config. file: Times (RS)
)
(e:/software/texlive/2020/texmf-dist/tex/context/base/mkii/supp-pdf.mkii
[Loading MPS to PDF converter (version 2006.09.02).]
\scratchcounter=\count296
\scratchdimen=\dimen183
\scratchbox=\box51
\nofMPsegments=\count297
\nofMParguments=\count298
\everyMPshowfont=\toks28
\MPscratchCnt=\count299
\MPscratchDim=\dimen184
\MPnumerator=\count300
\makeMPintoPDFobject=\count301
\everyMPtoPDFconversion=\toks29
) (e:/software/texlive/2020/texmf-dist/tex/latex/epstopdf-pkg/epstopdf-base.sty
Package: epstopdf-base 2020-01-24 v2.11 Base part for package epstopdf
Package epstopdf-base Info: Redefining graphics rule for `.eps' on input line 4
85.
(e:/software/texlive/2020/texmf-dist/tex/latex/latexconfig/epstopdf-sys.cfg
File: epstopdf-sys.cfg 2010/07/13 v1.3 Configuration of (r)epstopdf for TeX Liv
e
))
(e:/software/texlive/2020/texmf-dist/tex/latex/microtype/mt-cmr.cfg
File: mt-cmr.cfg 2013/05/19 v2.2 microtype config. file: Computer Modern Roman 
(RS)
)
LaTeX Font Info:    Trying to load font information for U+msa on input line 80.


(e:/software/texlive/2020/texmf-dist/tex/latex/amsfonts/umsa.fd
File: umsa.fd 2013/01/14 v3.01 AMS symbols A
)
(e:/software/texlive/2020/texmf-dist/tex/latex/microtype/mt-msa.cfg
File: mt-msa.cfg 2006/02/04 v1.1 microtype config. file: AMS symbols (a) (RS)
)
LaTeX Font Info:    Trying to load font information for U+msb on input line 80.


(e:/software/texlive/2020/texmf-dist/tex/latex/amsfonts/umsb.fd
File: umsb.fd 2013/01/14 v3.01 AMS symbols B
)
(e:/software/texlive/2020/texmf-dist/tex/latex/microtype/mt-msb.cfg
File: mt-msb.cfg 2005/06/01 v1.0 microtype config. file: AMS symbols (b) (RS)
)
LaTeX Font Info:    Trying to load font information for T1+cmtt on input line 8
0.

(e:/software/texlive/2020/texmf-dist/tex/latex/base/t1cmtt.fd
File: t1cmtt.fd 2019/12/16 v2.5j Standard LaTeX font definitions
)
Package microtype Info: Loading generic protrusion settings for font family
(microtype)             `cmtt' (encoding: T1).
(microtype)             For optimal results, create family-specific settings.
(microtype)             See the microtype manual for details.
LaTeX Font Info:    Trying to load font information for T1+phv on input line 83
.

(e:/software/texlive/2020/texmf-dist/tex/latex/psnfss/t1phv.fd
File: t1phv.fd 2020/03/25 scalable font definitions for T1/phv.
)
Package microtype Info: Loading generic protrusion settings for font family
(microtype)             `phv' (encoding: T1).
(microtype)             For optimal results, create family-specific settings.
(microtype)             See the microtype manual for details.

Underfull \vbox (badness 10000) has occurred while \output is active []

 [1


{e:/software/texlive/2020/texmf-var/fonts/map/pdftex/updmap/pdftex.map}]

Package natbib Warning: Citation `bibid' on page 2 undefined on input line 116.


[2] [3]
<image001.jpg, id=113, 205.5178pt x 162.6075pt>
File: image001.jpg Graphic file (type jpg)
<use image001.jpg>
Package pdftex.def Info: image001.jpg  used on input line 168.
(pdftex.def)             Requested size: 198.7425pt x 157.24773pt.
<image002.jpg, id=114, 205.5178pt x 162.6075pt>
File: image002.jpg Graphic file (type jpg)
<use image002.jpg>
Package pdftex.def Info: image002.jpg  used on input line 169.
(pdftex.def)             Requested size: 198.7425pt x 157.24773pt.
<image003.jpg, id=115, 205.1414pt x 162.6075pt>
File: image003.jpg Graphic file (type jpg)
<use image003.jpg>
Package pdftex.def Info: image003.jpg  used on input line 171.
(pdftex.def)             Requested size: 198.7425pt x 157.53307pt.
<image004.jpg, id=116, 205.1414pt x 162.6075pt>
File: image004.jpg Graphic file (type jpg)
<use image004.jpg>
Package pdftex.def Info: image004.jpg  used on input line 183.
(pdftex.def)             Requested size: 198.7425pt x 157.53307pt.
<image005.jpg, id=117, 205.1414pt x 153.95015pt>
File: image005.jpg Graphic file (type jpg)
<use image005.jpg>
Package pdftex.def Info: image005.jpg  used on input line 184.
(pdftex.def)             Requested size: 198.7425pt x 149.14587pt.
<image006.jpg, id=118, 205.1414pt x 205.1414pt>
File: image006.jpg Graphic file (type jpg)
<use image006.jpg>
Package pdftex.def Info: image006.jpg  used on input line 186.
(pdftex.def)             Requested size: 158.99156pt x 158.9892pt.
<image007.jpg, id=119, 205.1414pt x 153.95015pt>
File: image007.jpg Graphic file (type jpg)
<use image007.jpg>
Package pdftex.def Info: image007.jpg  used on input line 187.
(pdftex.def)             Requested size: 198.7425pt x 149.14587pt.


LaTeX Warning: `!h' float specifier changed to `!ht'.

[4 <./image001.jpg> <./image002.jpg> <./image003.jpg>] [5 <./image004.jpg> <./i
mage005.jpg> <./image006.jpg> <./image007.jpg>]
<image008.jpg, id=137, 205.1414pt x 153.95015pt>
File: image008.jpg Graphic file (type jpg)
<use image008.jpg>
Package pdftex.def Info: image008.jpg  used on input line 208.
(pdftex.def)             Requested size: 158.99156pt x 119.31482pt.
<image009.jpg, id=138, 205.1414pt x 205.1414pt>
File: image009.jpg Graphic file (type jpg)
<use image009.jpg>
Package pdftex.def Info: image009.jpg  used on input line 209.
(pdftex.def)             Requested size: 119.2467pt x 119.24503pt.
<image010.jpg, id=139, 205.1414pt x 205.1414pt>
File: image010.jpg Graphic file (type jpg)
<use image010.jpg>
Package pdftex.def Info: image010.jpg  used on input line 211.
(pdftex.def)             Requested size: 119.2467pt x 119.24503pt.
<image011.jpg, id=140, 205.1414pt x 153.95015pt>
File: image011.jpg Graphic file (type jpg)
<use image011.jpg>
Package pdftex.def Info: image011.jpg  used on input line 212.
(pdftex.def)             Requested size: 158.99156pt x 119.31482pt.
<image012.jpg, id=141, 205.1414pt x 153.95015pt>
File: image012.jpg Graphic file (type jpg)
<use image012.jpg>
Package pdftex.def Info: image012.jpg  used on input line 214.
(pdftex.def)             Requested size: 158.99156pt x 119.31482pt.
<image013.jpg, id=142, 205.1414pt x 153.95015pt>
File: image013.jpg Graphic file (type jpg)
<use image013.jpg>
Package pdftex.def Info: image013.jpg  used on input line 215.
(pdftex.def)             Requested size: 158.99156pt x 119.31482pt.
<image001.png, id=143, 421.1986pt x 315.42844pt>
File: image001.png Graphic file (type png)
<use image001.png>
Package pdftex.def Info: image001.png  used on input line 217.
(pdftex.def)             Requested size: 158.99156pt x 119.06508pt.
<image002.png, id=145, 421.1986pt x 315.42844pt>
File: image002.png Graphic file (type png)
<use image002.png>
Package pdftex.def Info: image002.png  used on input line 218.
(pdftex.def)             Requested size: 158.99156pt x 119.06508pt.


LaTeX Warning: `!h' float specifier changed to `!ht'.


Underfull \vbox (badness 10000) has occurred while \output is active []

 [6]
[7 <./image008.jpg> <./image009.jpg> <./image010.jpg> <./image011.jpg> <./image
012.jpg> <./image013.jpg> <./image001.png> <./image002.png>] (./draft.bbl)

Package natbib Warning: There were undefined citations.

[8] (./draft.aux)
Package rerunfilecheck Info: File `draft.out' has not changed.
(rerunfilecheck)             Checksum: 72DF17CDC4136AC83D12796AD99721B6;787.


LaTeX Warning: There were multiply-defined labels.

 ) 
Here is how much of TeX's memory you used:
 10486 strings out of 479383
 157470 string characters out of 5868871
 517983 words of memory out of 5000000
 27152 multiletter control sequences out of 15000+600000
 448635 words of font info for 183 fonts, out of 8000000 for 9000
 1141 hyphenation exceptions out of 8191
 80i,10n,85p,1282b,404s stack positions out of 5000i,500n,10000p,200000b,80000s
{e:/software/texlive/2020/texmf-dist/fonts/enc/dvips/cm-super/cm-super-t1.enc
}{e:/software/texlive/2020/texmf-dist/fonts/enc/dvips/base/8r.enc}<e:/software/
texlive/2020/texmf-dist/fonts/type1/public/amsfonts/cm/cmbx10.pfb><e:/software/
texlive/2020/texmf-dist/fonts/type1/public/amsfonts/cm/cmex10.pfb><e:/software/
texlive/2020/texmf-dist/fonts/type1/public/amsfonts/cm/cmmi10.pfb><e:/software/
texlive/2020/texmf-dist/fonts/type1/public/amsfonts/cm/cmmi5.pfb><e:/software/t
exlive/2020/texmf-dist/fonts/type1/public/amsfonts/cm/cmmi7.pfb><e:/software/te
xlive/2020/texmf-dist/fonts/type1/public/amsfonts/cm/cmmib10.pfb><e:/software/t
exlive/2020/texmf-dist/fonts/type1/public/amsfonts/cmextra/cmmib7.pfb><e:/softw
are/texlive/2020/texmf-dist/fonts/type1/public/amsfonts/cm/cmr10.pfb><e:/softwa
re/texlive/2020/texmf-dist/fonts/type1/public/amsfonts/cm/cmr5.pfb><e:/software
/texlive/2020/texmf-dist/fonts/type1/public/amsfonts/cm/cmr7.pfb><e:/software/t
exlive/2020/texmf-dist/fonts/type1/public/amsfonts/cm/cmsy10.pfb><e:/software/t
exlive/2020/texmf-dist/fonts/type1/public/amsfonts/cm/cmsy7.pfb><e:/software/te
xlive/2020/texmf-dist/fonts/type1/public/amsfonts/symbols/msbm10.pfb><e:/softwa
re/texlive/2020/texmf-dist/fonts/type1/public/cm-super/sftt0900.pfb><e:/softwar
e/texlive/2020/texmf-dist/fonts/type1/public/cm-super/sftt1000.pfb><e:/software
/texlive/2020/texmf-dist/fonts/type1/urw/helvetic/uhvr8a.pfb><e:/software/texli
ve/2020/texmf-dist/fonts/type1/urw/times/utmb8a.pfb><e:/software/texlive/2020/t
exmf-dist/fonts/type1/urw/times/utmr8a.pfb><e:/software/texlive/2020/texmf-dist
/fonts/type1/urw/times/utmri8a.pfb>
Output written on draft.pdf (8 pages, 619851 bytes).
PDF statistics:
 258 PDF objects out of 1000 (max. 8388607)
 209 compressed objects within 3 object streams
 53 named destinations out of 1000 (max. 500000)
 24756 words of extra memory for PDF output out of 24883 (max. 10000000)

