\BOOKMARK [1][-]{section.1}{Notations}{}% 1
\BOOKMARK [1][-]{section.2}{Clustering Wrapper}{}% 2
\BOOKMARK [2][-]{subsection.2.1}{Finite Mixture Model}{section.2}% 3
\BOOKMARK [2][-]{subsection.2.2}{Dirichlet Process Mixture Model}{section.2}% 4
\BOOKMARK [1][-]{section.3}{linear Dynamical System Model}{}% 5
\BOOKMARK [2][-]{subsection.3.1}{Model Details}{section.3}% 6
\BOOKMARK [2][-]{subsection.3.2}{Conditional Priors for Parameters}{section.3}% 7
\BOOKMARK [2][-]{subsection.3.3}{MCMC \(Gibbs Sampler\)}{section.3}% 8
\BOOKMARK [3][-]{subsubsection.3.3.1}{Update \173 xt \175t=1T}{subsection.3.3}% 9
\BOOKMARK [3][-]{subsubsection.3.3.2}{Update x0}{subsection.3.3}% 10
\BOOKMARK [3][-]{subsubsection.3.3.3}{Update \173 di \175i = 1N and \173 ci \175i = 1N}{subsection.3.3}% 11
\BOOKMARK [3][-]{subsubsection.3.3.4}{Update \173 dc\(j\) \175j and \173 dc\(j\) \175j}{subsection.3.3}% 12
\BOOKMARK [3][-]{subsubsection.3.3.5}{Update A, b and Q}{subsection.3.3}% 13
\BOOKMARK [1][-]{section.4}{Simulations}{}% 14
\BOOKMARK [1][-]{section.5}{Problem from Affine Transformation}{}% 15
\BOOKMARK [2][-]{subsection.5.1}{Constraints}{section.5}% 16
\BOOKMARK [3][-]{subsubsection.5.1.1}{Constraint on latent vectors xt only}{subsection.5.1}% 17
\BOOKMARK [3][-]{subsubsection.5.1.2}{Joint constraint on xt, C and linear dynamics}{subsection.5.1}% 18
\BOOKMARK [2][-]{subsection.5.2}{Constraint Implementation}{section.5}% 19
\BOOKMARK [2][-]{subsection.5.3}{Simulation}{section.5}% 20
\BOOKMARK [2][-]{subsection.5.4}{Comments on Previous Models}{section.5}% 21
\BOOKMARK [1][-]{section.6}{Some Issues in clustering}{}% 22
\BOOKMARK [1][-]{section.7}{TODO}{}% 23
\BOOKMARK [1][-]{section.8}{Appendix}{}% 24
\BOOKMARK [2][-]{subsection.8.1}{Joint constraint on xt, C and linear dynamics}{section.8}% 25
\BOOKMARK [2][-]{subsection.8.2}{sample the orthogonal loading}{section.8}% 26
\BOOKMARK [2][-]{subsection.8.3}{diagonal A and full Q}{section.8}% 27
\BOOKMARK [1][-]{section.9}{Simulation on joint constraint}{}% 28
\BOOKMARK [2][-]{subsubsection.9.0.1}{Q is full while A is diagonal}{section.9}% 29
\BOOKMARK [3][-]{subsubsection.9.0.2}{both A and Q are diagonal}{subsubsection.9.0.1}% 30
